<?xml version="1.0" encoding="UTF-8"?>
<testng-results skipped="14" failed="0" total="14" passed="0">
  <reporter-output>
  </reporter-output>
  <suite name="Default suite" duration-ms="3485" started-at="2024-01-13T08:10:12Z" finished-at="2024-01-13T08:10:15Z">
    <groups>
    </groups>
    <test name="Default test" duration-ms="3485" started-at="2024-01-13T08:10:12Z" finished-at="2024-01-13T08:10:15Z">
      <class name="com.flipcart.tdd.testcases.LoginPageTest">
        <test-method status="FAIL" signature="setUp()[pri:0, instance:com.flipcart.tdd.testcases.LoginPageTest@71be98f5]" name="setUp" is-config="true" duration-ms="0" started-at="2024-01-13T13:40:12Z" finished-at="2024-01-13T13:40:12Z">
          <exception class="org.openqa.selenium.SessionNotCreatedException">
            <message>
              <![CDATA[session not created: This version of ChromeDriver only supports Chrome version 114
Current browser version is 120.0.6099.217 with binary path C:\Program Files\Google\Chrome\Application\chrome.exe
Build info: version: '3.141.59', revision: 'e82be7d358', time: '2018-11-14T08:17:03'
System info: host: 'DESKTOP-53N1BVJ', ip: '192.168.1.34', os.name: 'Windows 11', os.arch: 'amd64', os.version: '10.0', java.version: '1.8.0_333'
Driver info: driver.version: ChromeDriver
remote stacktrace: Backtrace:
	GetHandleVerifier [0x0037A813+48355]
	(No symbol) [0x0030C4B1]
	(No symbol) [0x00215358]
	(No symbol) [0x002361AC]
	(No symbol) [0x00231EF3]
	(No symbol) [0x00230579]
	(No symbol) [0x00260C55]
	(No symbol) [0x0026093C]
	(No symbol) [0x0025A536]
	(No symbol) [0x002382DC]
	(No symbol) [0x002393DD]
	GetHandleVerifier [0x005DAABD+2539405]
	GetHandleVerifier [0x0061A78F+2800735]
	GetHandleVerifier [0x0061456C+2775612]
	GetHandleVerifier [0x004051E0+616112]
	(No symbol) [0x00315F8C]
	(No symbol) [0x00312328]
	(No symbol) [0x0031240B]
	(No symbol) [0x00304FF7]
	BaseThreadInitThunk [0x75F37BA9+25]
	RtlInitializeExceptionChain [0x77D6BD2B+107]
	RtlClearBits [0x77D6BCAF+191]
]]>
            </message>
            <full-stacktrace>
              <![CDATA[org.openqa.selenium.SessionNotCreatedException: session not created: This version of ChromeDriver only supports Chrome version 114
Current browser version is 120.0.6099.217 with binary path C:\Program Files\Google\Chrome\Application\chrome.exe
Build info: version: '3.141.59', revision: 'e82be7d358', time: '2018-11-14T08:17:03'
System info: host: 'DESKTOP-53N1BVJ', ip: '192.168.1.34', os.name: 'Windows 11', os.arch: 'amd64', os.version: '10.0', java.version: '1.8.0_333'
Driver info: driver.version: ChromeDriver
remote stacktrace: Backtrace:
	GetHandleVerifier [0x0037A813+48355]
	(No symbol) [0x0030C4B1]
	(No symbol) [0x00215358]
	(No symbol) [0x002361AC]
	(No symbol) [0x00231EF3]
	(No symbol) [0x00230579]
	(No symbol) [0x00260C55]
	(No symbol) [0x0026093C]
	(No symbol) [0x0025A536]
	(No symbol) [0x002382DC]
	(No symbol) [0x002393DD]
	GetHandleVerifier [0x005DAABD+2539405]
	GetHandleVerifier [0x0061A78F+2800735]
	GetHandleVerifier [0x0061456C+2775612]
	GetHandleVerifier [0x004051E0+616112]
	(No symbol) [0x00315F8C]
	(No symbol) [0x00312328]
	(No symbol) [0x0031240B]
	(No symbol) [0x00304FF7]
	BaseThreadInitThunk [0x75F37BA9+25]
	RtlInitializeExceptionChain [0x77D6BD2B+107]
	RtlClearBits [0x77D6BCAF+191]

	at sun.reflect.NativeConstructorAccessorImpl.newInstance0(Native Method)
	at sun.reflect.NativeConstructorAccessorImpl.newInstance(Unknown Source)
	at sun.reflect.DelegatingConstructorAccessorImpl.newInstance(Unknown Source)
	at java.lang.reflect.Constructor.newInstance(Unknown Source)
	at org.openqa.selenium.remote.W3CHandshakeResponse.lambda$errorHandler$0(W3CHandshakeResponse.java:62)
	at org.openqa.selenium.remote.HandshakeResponse.lambda$getResponseFunction$0(HandshakeResponse.java:30)
	at org.openqa.selenium.remote.ProtocolHandshake.lambda$createSession$0(ProtocolHandshake.java:126)
	at java.util.stream.ReferencePipeline$3$1.accept(Unknown Source)
	at java.util.Spliterators$ArraySpliterator.tryAdvance(Unknown Source)
	at java.util.stream.ReferencePipeline.forEachWithCancel(Unknown Source)
	at java.util.stream.AbstractPipeline.copyIntoWithCancel(Unknown Source)
	at java.util.stream.AbstractPipeline.copyInto(Unknown Source)
	at java.util.stream.AbstractPipeline.wrapAndCopyInto(Unknown Source)
	at java.util.stream.FindOps$FindOp.evaluateSequential(Unknown Source)
	at java.util.stream.AbstractPipeline.evaluate(Unknown Source)
	at java.util.stream.ReferencePipeline.findFirst(Unknown Source)
	at org.openqa.selenium.remote.ProtocolHandshake.createSession(ProtocolHandshake.java:128)
	at org.openqa.selenium.remote.ProtocolHandshake.createSession(ProtocolHandshake.java:74)
	at org.openqa.selenium.remote.HttpCommandExecutor.execute(HttpCommandExecutor.java:136)
	at org.openqa.selenium.remote.service.DriverCommandExecutor.execute(DriverCommandExecutor.java:83)
	at org.openqa.selenium.remote.RemoteWebDriver.execute(RemoteWebDriver.java:552)
	at org.openqa.selenium.remote.RemoteWebDriver.startSession(RemoteWebDriver.java:213)
	at org.openqa.selenium.remote.RemoteWebDriver.<init>(RemoteWebDriver.java:131)
	at org.openqa.selenium.chrome.ChromeDriver.<init>(ChromeDriver.java:181)
	at org.openqa.selenium.chrome.ChromeDriver.<init>(ChromeDriver.java:168)
	at org.openqa.selenium.chrome.ChromeDriver.<init>(ChromeDriver.java:123)
	at com.flipcart.tdd.base.TestBase.initialization(TestBase.java:45)
	at com.flipcart.tdd.testcases.LoginPageTest.setUp(LoginPageTest.java:24)
	at sun.reflect.NativeMethodAccessorImpl.invoke0(Native Method)
	at sun.reflect.NativeMethodAccessorImpl.invoke(Unknown Source)
	at sun.reflect.DelegatingMethodAccessorImpl.invoke(Unknown Source)
	at java.lang.reflect.Method.invoke(Unknown Source)
	at org.testng.internal.MethodInvocationHelper.invokeMethod(MethodInvocationHelper.java:86)
	at org.testng.internal.Invoker.invokeConfigurationMethod(Invoker.java:514)
	at org.testng.internal.Invoker.invokeConfigurations(Invoker.java:215)
	at org.testng.internal.Invoker.invokeMethod(Invoker.java:589)
	at org.testng.internal.Invoker.invokeTestMethod(Invoker.java:822)
	at org.testng.internal.Invoker.invokeTestMethods(Invoker.java:1130)
	at org.testng.internal.TestMethodWorker.invokeTestMethods(TestMethodWorker.java:129)
	at org.testng.internal.TestMethodWorker.run(TestMethodWorker.java:112)
	at org.testng.TestRunner.privateRun(TestRunner.java:782)
	at org.testng.TestRunner.run(TestRunner.java:632)
	at org.testng.SuiteRunner.runTest(SuiteRunner.java:366)
	at org.testng.SuiteRunner.runSequentially(SuiteRunner.java:361)
	at org.testng.SuiteRunner.privateRun(SuiteRunner.java:319)
	at org.testng.SuiteRunner.run(SuiteRunner.java:268)
	at org.testng.SuiteRunnerWorker.runSuite(SuiteRunnerWorker.java:52)
	at org.testng.SuiteRunnerWorker.run(SuiteRunnerWorker.java:86)
	at org.testng.TestNG.runSuitesSequentially(TestNG.java:1244)
	at org.testng.TestNG.runSuitesLocally(TestNG.java:1169)
	at org.testng.TestNG.run(TestNG.java:1064)
	at org.testng.remote.RemoteTestNG.run(RemoteTestNG.java:113)
	at org.testng.remote.RemoteTestNG.initAndRun(RemoteTestNG.java:206)
	at org.testng.remote.RemoteTestNG.main(RemoteTestNG.java:177)
]]>
            </full-stacktrace>
          </exception> <!-- org.openqa.selenium.SessionNotCreatedException -->
          <reporter-output>
          </reporter-output>
        </test-method> <!-- setUp -->
        <test-method status="SKIP" signature="validateTitleTest()[pri:1, instance:com.flipcart.tdd.testcases.LoginPageTest@71be98f5]" name="validateTitleTest" duration-ms="2" started-at="2024-01-13T13:40:15Z" finished-at="2024-01-13T13:40:15Z">
          <reporter-output>
          </reporter-output>
        </test-method> <!-- validateTitleTest -->
        <test-method status="SKIP" signature="tearDown()[pri:0, instance:com.flipcart.tdd.testcases.LoginPageTest@71be98f5]" name="tearDown" is-config="true" duration-ms="0" started-at="2024-01-13T13:40:15Z" finished-at="2024-01-13T13:40:15Z">
          <reporter-output>
          </reporter-output>
        </test-method> <!-- tearDown -->
        <test-method status="SKIP" signature="close()[pri:0, instance:com.flipcart.tdd.testcases.LoginPageTest@71be98f5]" name="close" is-config="true" duration-ms="0" started-at="2024-01-13T13:40:15Z" finished-at="2024-01-13T13:40:15Z">
          <reporter-output>
          </reporter-output>
        </test-method> <!-- close -->
        <test-method status="SKIP" signature="validateLoginTest()[pri:2, instance:com.flipcart.tdd.testcases.LoginPageTest@71be98f5]" name="validateLoginTest" duration-ms="0" started-at="2024-01-13T13:40:15Z" finished-at="2024-01-13T13:40:15Z">
          <reporter-output>
          </reporter-output>
        </test-method> <!-- validateLoginTest -->
        <test-method status="SKIP" signature="setUp()[pri:0, instance:com.flipcart.tdd.testcases.LoginPageTest@71be98f5]" name="setUp" is-config="true" duration-ms="0" started-at="2024-01-13T13:40:15Z" finished-at="2024-01-13T13:40:15Z">
          <reporter-output>
          </reporter-output>
        </test-method> <!-- setUp -->
        <test-method status="SKIP" signature="close()[pri:0, instance:com.flipcart.tdd.testcases.LoginPageTest@71be98f5]" name="close" is-config="true" duration-ms="0" started-at="2024-01-13T13:40:15Z" finished-at="2024-01-13T13:40:15Z">
          <reporter-output>
          </reporter-output>
        </test-method> <!-- close -->
        <test-method status="SKIP" signature="tearDown()[pri:0, instance:com.flipcart.tdd.testcases.LoginPageTest@71be98f5]" name="tearDown" is-config="true" duration-ms="0" started-at="2024-01-13T13:40:15Z" finished-at="2024-01-13T13:40:15Z">
          <reporter-output>
          </reporter-output>
        </test-method> <!-- tearDown -->
        <test-method status="SKIP" signature="setUp()[pri:0, instance:com.flipcart.tdd.testcases.LoginPageTest@71be98f5]" name="setUp" is-config="true" duration-ms="0" started-at="2024-01-13T13:40:15Z" finished-at="2024-01-13T13:40:15Z">
          <reporter-output>
          </reporter-output>
        </test-method> <!-- setUp -->
        <test-method status="SKIP" signature="invalidateLoginTest()[pri:3, instance:com.flipcart.tdd.testcases.LoginPageTest@71be98f5]" name="invalidateLoginTest" duration-ms="1" started-at="2024-01-13T13:40:15Z" finished-at="2024-01-13T13:40:15Z">
          <reporter-output>
          </reporter-output>
        </test-method> <!-- invalidateLoginTest -->
        <test-method status="SKIP" signature="tearDown()[pri:0, instance:com.flipcart.tdd.testcases.LoginPageTest@71be98f5]" name="tearDown" is-config="true" duration-ms="0" started-at="2024-01-13T13:40:15Z" finished-at="2024-01-13T13:40:15Z">
          <reporter-output>
          </reporter-output>
        </test-method> <!-- tearDown -->
        <test-method status="SKIP" signature="close()[pri:0, instance:com.flipcart.tdd.testcases.LoginPageTest@71be98f5]" name="close" is-config="true" duration-ms="0" started-at="2024-01-13T13:40:15Z" finished-at="2024-01-13T13:40:15Z">
          <reporter-output>
          </reporter-output>
        </test-method> <!-- close -->
        <test-method status="SKIP" signature="close()[pri:0, instance:com.flipcart.tdd.testcases.LoginPageTest@71be98f5]" name="close" is-config="true" duration-ms="0" started-at="2024-01-13T13:40:15Z" finished-at="2024-01-13T13:40:15Z">
          <reporter-output>
          </reporter-output>
        </test-method> <!-- close -->
        <test-method status="SKIP" signature="setUp()[pri:0, instance:com.flipcart.tdd.testcases.LoginPageTest@71be98f5]" name="setUp" is-config="true" duration-ms="0" started-at="2024-01-13T13:40:15Z" finished-at="2024-01-13T13:40:15Z">
          <reporter-output>
          </reporter-output>
        </test-method> <!-- setUp -->
        <test-method status="SKIP" signature="register()[pri:4, instance:com.flipcart.tdd.testcases.LoginPageTest@71be98f5]" name="register" duration-ms="0" started-at="2024-01-13T13:40:15Z" finished-at="2024-01-13T13:40:15Z">
          <reporter-output>
          </reporter-output>
        </test-method> <!-- register -->
        <test-method status="SKIP" signature="tearDown()[pri:0, instance:com.flipcart.tdd.testcases.LoginPageTest@71be98f5]" name="tearDown" is-config="true" duration-ms="0" started-at="2024-01-13T13:40:15Z" finished-at="2024-01-13T13:40:15Z">
          <reporter-output>
          </reporter-output>
        </test-method> <!-- tearDown -->
        <test-method status="SKIP" signature="showProfile()[pri:5, instance:com.flipcart.tdd.testcases.LoginPageTest@71be98f5]" name="showProfile" duration-ms="0" started-at="2024-01-13T13:40:15Z" depends-on-methods="com.flipcart.tdd.testcases.LoginPageTest.validateLoginTest" finished-at="2024-01-13T13:40:15Z">
          <exception class="java.lang.Throwable">
            <message>
              <![CDATA[Method LoginPageTest.showProfile()[pri:5, instance:com.flipcart.tdd.testcases.LoginPageTest@71be98f5] depends on not successfully finished methods]]>
            </message>
            <full-stacktrace>
              <![CDATA[java.lang.Throwable: Method LoginPageTest.showProfile()[pri:5, instance:com.flipcart.tdd.testcases.LoginPageTest@71be98f5] depends on not successfully finished methods
	at org.testng.internal.Invoker.invokeTestMethods(Invoker.java:1039)
	at org.testng.internal.TestMethodWorker.invokeTestMethods(TestMethodWorker.java:129)
	at org.testng.internal.TestMethodWorker.run(TestMethodWorker.java:112)
	at org.testng.TestRunner.privateRun(TestRunner.java:782)
	at org.testng.TestRunner.run(TestRunner.java:632)
	at org.testng.SuiteRunner.runTest(SuiteRunner.java:366)
	at org.testng.SuiteRunner.runSequentially(SuiteRunner.java:361)
	at org.testng.SuiteRunner.privateRun(SuiteRunner.java:319)
	at org.testng.SuiteRunner.run(SuiteRunner.java:268)
	at org.testng.SuiteRunnerWorker.runSuite(SuiteRunnerWorker.java:52)
	at org.testng.SuiteRunnerWorker.run(SuiteRunnerWorker.java:86)
	at org.testng.TestNG.runSuitesSequentially(TestNG.java:1244)
	at org.testng.TestNG.runSuitesLocally(TestNG.java:1169)
	at org.testng.TestNG.run(TestNG.java:1064)
	at org.testng.remote.RemoteTestNG.run(RemoteTestNG.java:113)
	at org.testng.remote.RemoteTestNG.initAndRun(RemoteTestNG.java:206)
	at org.testng.remote.RemoteTestNG.main(RemoteTestNG.java:177)
]]>
            </full-stacktrace>
          </exception> <!-- java.lang.Throwable -->
          <reporter-output>
          </reporter-output>
        </test-method> <!-- showProfile -->
        <test-method status="SKIP" signature="coin()[pri:6, instance:com.flipcart.tdd.testcases.LoginPageTest@71be98f5]" name="coin" duration-ms="0" started-at="2024-01-13T13:40:15Z" depends-on-methods="com.flipcart.tdd.testcases.LoginPageTest.validateLoginTest" finished-at="2024-01-13T13:40:15Z">
          <exception class="java.lang.Throwable">
            <message>
              <![CDATA[Method LoginPageTest.coin()[pri:6, instance:com.flipcart.tdd.testcases.LoginPageTest@71be98f5] depends on not successfully finished methods]]>
            </message>
            <full-stacktrace>
              <![CDATA[java.lang.Throwable: Method LoginPageTest.coin()[pri:6, instance:com.flipcart.tdd.testcases.LoginPageTest@71be98f5] depends on not successfully finished methods
	at org.testng.internal.Invoker.invokeTestMethods(Invoker.java:1039)
	at org.testng.internal.TestMethodWorker.invokeTestMethods(TestMethodWorker.java:129)
	at org.testng.internal.TestMethodWorker.run(TestMethodWorker.java:112)
	at org.testng.TestRunner.privateRun(TestRunner.java:782)
	at org.testng.TestRunner.run(TestRunner.java:632)
	at org.testng.SuiteRunner.runTest(SuiteRunner.java:366)
	at org.testng.SuiteRunner.runSequentially(SuiteRunner.java:361)
	at org.testng.SuiteRunner.privateRun(SuiteRunner.java:319)
	at org.testng.SuiteRunner.run(SuiteRunner.java:268)
	at org.testng.SuiteRunnerWorker.runSuite(SuiteRunnerWorker.java:52)
	at org.testng.SuiteRunnerWorker.run(SuiteRunnerWorker.java:86)
	at org.testng.TestNG.runSuitesSequentially(TestNG.java:1244)
	at org.testng.TestNG.runSuitesLocally(TestNG.java:1169)
	at org.testng.TestNG.run(TestNG.java:1064)
	at org.testng.remote.RemoteTestNG.run(RemoteTestNG.java:113)
	at org.testng.remote.RemoteTestNG.initAndRun(RemoteTestNG.java:206)
	at org.testng.remote.RemoteTestNG.main(RemoteTestNG.java:177)
]]>
            </full-stacktrace>
          </exception> <!-- java.lang.Throwable -->
          <reporter-output>
          </reporter-output>
        </test-method> <!-- coin -->
        <test-method status="SKIP" signature="logOut()[pri:9, instance:com.flipcart.tdd.testcases.LoginPageTest@71be98f5]" name="logOut" duration-ms="0" started-at="2024-01-13T13:40:15Z" depends-on-methods="com.flipcart.tdd.testcases.LoginPageTest.validateLoginTest" finished-at="2024-01-13T13:40:15Z">
          <exception class="java.lang.Throwable">
            <message>
              <![CDATA[Method LoginPageTest.logOut()[pri:9, instance:com.flipcart.tdd.testcases.LoginPageTest@71be98f5] depends on not successfully finished methods]]>
            </message>
            <full-stacktrace>
              <![CDATA[java.lang.Throwable: Method LoginPageTest.logOut()[pri:9, instance:com.flipcart.tdd.testcases.LoginPageTest@71be98f5] depends on not successfully finished methods
	at org.testng.internal.Invoker.invokeTestMethods(Invoker.java:1039)
	at org.testng.internal.TestMethodWorker.invokeTestMethods(TestMethodWorker.java:129)
	at org.testng.internal.TestMethodWorker.run(TestMethodWorker.java:112)
	at org.testng.TestRunner.privateRun(TestRunner.java:782)
	at org.testng.TestRunner.run(TestRunner.java:632)
	at org.testng.SuiteRunner.runTest(SuiteRunner.java:366)
	at org.testng.SuiteRunner.runSequentially(SuiteRunner.java:361)
	at org.testng.SuiteRunner.privateRun(SuiteRunner.java:319)
	at org.testng.SuiteRunner.run(SuiteRunner.java:268)
	at org.testng.SuiteRunnerWorker.runSuite(SuiteRunnerWorker.java:52)
	at org.testng.SuiteRunnerWorker.run(SuiteRunnerWorker.java:86)
	at org.testng.TestNG.runSuitesSequentially(TestNG.java:1244)
	at org.testng.TestNG.runSuitesLocally(TestNG.java:1169)
	at org.testng.TestNG.run(TestNG.java:1064)
	at org.testng.remote.RemoteTestNG.run(RemoteTestNG.java:113)
	at org.testng.remote.RemoteTestNG.initAndRun(RemoteTestNG.java:206)
	at org.testng.remote.RemoteTestNG.main(RemoteTestNG.java:177)
]]>
            </full-stacktrace>
          </exception> <!-- java.lang.Throwable -->
          <reporter-output>
          </reporter-output>
        </test-method> <!-- logOut -->
        <test-method status="SKIP" signature="showWishlist()[pri:8, instance:com.flipcart.tdd.testcases.LoginPageTest@71be98f5]" name="showWishlist" duration-ms="0" started-at="2024-01-13T13:40:15Z" depends-on-methods="com.flipcart.tdd.testcases.LoginPageTest.validateLoginTest" finished-at="2024-01-13T13:40:15Z">
          <exception class="java.lang.Throwable">
            <message>
              <![CDATA[Method LoginPageTest.showWishlist()[pri:8, instance:com.flipcart.tdd.testcases.LoginPageTest@71be98f5] depends on not successfully finished methods]]>
            </message>
            <full-stacktrace>
              <![CDATA[java.lang.Throwable: Method LoginPageTest.showWishlist()[pri:8, instance:com.flipcart.tdd.testcases.LoginPageTest@71be98f5] depends on not successfully finished methods
	at org.testng.internal.Invoker.invokeTestMethods(Invoker.java:1039)
	at org.testng.internal.TestMethodWorker.invokeTestMethods(TestMethodWorker.java:129)
	at org.testng.internal.TestMethodWorker.run(TestMethodWorker.java:112)
	at org.testng.TestRunner.privateRun(TestRunner.java:782)
	at org.testng.TestRunner.run(TestRunner.java:632)
	at org.testng.SuiteRunner.runTest(SuiteRunner.java:366)
	at org.testng.SuiteRunner.runSequentially(SuiteRunner.java:361)
	at org.testng.SuiteRunner.privateRun(SuiteRunner.java:319)
	at org.testng.SuiteRunner.run(SuiteRunner.java:268)
	at org.testng.SuiteRunnerWorker.runSuite(SuiteRunnerWorker.java:52)
	at org.testng.SuiteRunnerWorker.run(SuiteRunnerWorker.java:86)
	at org.testng.TestNG.runSuitesSequentially(TestNG.java:1244)
	at org.testng.TestNG.runSuitesLocally(TestNG.java:1169)
	at org.testng.TestNG.run(TestNG.java:1064)
	at org.testng.remote.RemoteTestNG.run(RemoteTestNG.java:113)
	at org.testng.remote.RemoteTestNG.initAndRun(RemoteTestNG.java:206)
	at org.testng.remote.RemoteTestNG.main(RemoteTestNG.java:177)
]]>
            </full-stacktrace>
          </exception> <!-- java.lang.Throwable -->
          <reporter-output>
          </reporter-output>
        </test-method> <!-- showWishlist -->
        <test-method status="SKIP" signature="showorders()[pri:7, instance:com.flipcart.tdd.testcases.LoginPageTest@71be98f5]" name="showorders" duration-ms="0" started-at="2024-01-13T13:40:15Z" depends-on-methods="com.flipcart.tdd.testcases.LoginPageTest.validateLoginTest" finished-at="2024-01-13T13:40:15Z">
          <exception class="java.lang.Throwable">
            <message>
              <![CDATA[Method LoginPageTest.showorders()[pri:7, instance:com.flipcart.tdd.testcases.LoginPageTest@71be98f5] depends on not successfully finished methods]]>
            </message>
            <full-stacktrace>
              <![CDATA[java.lang.Throwable: Method LoginPageTest.showorders()[pri:7, instance:com.flipcart.tdd.testcases.LoginPageTest@71be98f5] depends on not successfully finished methods
	at org.testng.internal.Invoker.invokeTestMethods(Invoker.java:1039)
	at org.testng.internal.TestMethodWorker.invokeTestMethods(TestMethodWorker.java:129)
	at org.testng.internal.TestMethodWorker.run(TestMethodWorker.java:112)
	at org.testng.TestRunner.privateRun(TestRunner.java:782)
	at org.testng.TestRunner.run(TestRunner.java:632)
	at org.testng.SuiteRunner.runTest(SuiteRunner.java:366)
	at org.testng.SuiteRunner.runSequentially(SuiteRunner.java:361)
	at org.testng.SuiteRunner.privateRun(SuiteRunner.java:319)
	at org.testng.SuiteRunner.run(SuiteRunner.java:268)
	at org.testng.SuiteRunnerWorker.runSuite(SuiteRunnerWorker.java:52)
	at org.testng.SuiteRunnerWorker.run(SuiteRunnerWorker.java:86)
	at org.testng.TestNG.runSuitesSequentially(TestNG.java:1244)
	at org.testng.TestNG.runSuitesLocally(TestNG.java:1169)
	at org.testng.TestNG.run(TestNG.java:1064)
	at org.testng.remote.RemoteTestNG.run(RemoteTestNG.java:113)
	at org.testng.remote.RemoteTestNG.initAndRun(RemoteTestNG.java:206)
	at org.testng.remote.RemoteTestNG.main(RemoteTestNG.java:177)
]]>
            </full-stacktrace>
          </exception> <!-- java.lang.Throwable -->
          <reporter-output>
          </reporter-output>
        </test-method> <!-- showorders -->
        <test-method status="SKIP" signature="setUp()[pri:0, instance:com.flipcart.tdd.testcases.LoginPageTest@71be98f5]" name="setUp" is-config="true" duration-ms="0" started-at="2024-01-13T13:40:15Z" finished-at="2024-01-13T13:40:15Z">
          <reporter-output>
          </reporter-output>
        </test-method> <!-- setUp -->
        <test-method status="SKIP" signature="close()[pri:0, instance:com.flipcart.tdd.testcases.LoginPageTest@71be98f5]" name="close" is-config="true" duration-ms="0" started-at="2024-01-13T13:40:15Z" finished-at="2024-01-13T13:40:15Z">
          <reporter-output>
          </reporter-output>
        </test-method> <!-- close -->
        <test-method status="SKIP" signature="tearDown()[pri:0, instance:com.flipcart.tdd.testcases.LoginPageTest@71be98f5]" name="tearDown" is-config="true" duration-ms="0" started-at="2024-01-13T13:40:15Z" finished-at="2024-01-13T13:40:15Z">
          <reporter-output>
          </reporter-output>
        </test-method> <!-- tearDown -->
        <test-method status="SKIP" signature="search()[pri:10, instance:com.flipcart.tdd.testcases.LoginPageTest@71be98f5]" name="search" duration-ms="0" started-at="2024-01-13T13:40:15Z" finished-at="2024-01-13T13:40:15Z">
          <reporter-output>
          </reporter-output>
        </test-method> <!-- search -->
        <test-method status="SKIP" signature="buy()[pri:11, instance:com.flipcart.tdd.testcases.LoginPageTest@71be98f5]" name="buy" duration-ms="0" started-at="2024-01-13T13:40:15Z" finished-at="2024-01-13T13:40:15Z">
          <reporter-output>
          </reporter-output>
        </test-method> <!-- buy -->
        <test-method status="SKIP" signature="close()[pri:0, instance:com.flipcart.tdd.testcases.LoginPageTest@71be98f5]" name="close" is-config="true" duration-ms="0" started-at="2024-01-13T13:40:15Z" finished-at="2024-01-13T13:40:15Z">
          <reporter-output>
          </reporter-output>
        </test-method> <!-- close -->
        <test-method status="SKIP" signature="setUp()[pri:0, instance:com.flipcart.tdd.testcases.LoginPageTest@71be98f5]" name="setUp" is-config="true" duration-ms="0" started-at="2024-01-13T13:40:15Z" finished-at="2024-01-13T13:40:15Z">
          <reporter-output>
          </reporter-output>
        </test-method> <!-- setUp -->
        <test-method status="SKIP" signature="setUp()[pri:0, instance:com.flipcart.tdd.testcases.LoginPageTest@71be98f5]" name="setUp" is-config="true" duration-ms="0" started-at="2024-01-13T13:40:15Z" finished-at="2024-01-13T13:40:15Z">
          <reporter-output>
          </reporter-output>
        </test-method> <!-- setUp -->
        <test-method status="SKIP" signature="tearDown()[pri:0, instance:com.flipcart.tdd.testcases.LoginPageTest@71be98f5]" name="tearDown" is-config="true" duration-ms="0" started-at="2024-01-13T13:40:15Z" finished-at="2024-01-13T13:40:15Z">
          <reporter-output>
          </reporter-output>
        </test-method> <!-- tearDown -->
        <test-method status="SKIP" signature="cart()[pri:12, instance:com.flipcart.tdd.testcases.LoginPageTest@71be98f5]" name="cart" duration-ms="0" started-at="2024-01-13T13:40:15Z" finished-at="2024-01-13T13:40:15Z">
          <reporter-output>
          </reporter-output>
        </test-method> <!-- cart -->
        <test-method status="SKIP" signature="tearDown()[pri:0, instance:com.flipcart.tdd.testcases.LoginPageTest@71be98f5]" name="tearDown" is-config="true" duration-ms="0" started-at="2024-01-13T13:40:15Z" finished-at="2024-01-13T13:40:15Z">
          <reporter-output>
          </reporter-output>
        </test-method> <!-- tearDown -->
        <test-method status="SKIP" signature="close()[pri:0, instance:com.flipcart.tdd.testcases.LoginPageTest@71be98f5]" name="close" is-config="true" duration-ms="0" started-at="2024-01-13T13:40:15Z" finished-at="2024-01-13T13:40:15Z">
          <reporter-output>
          </reporter-output>
        </test-method> <!-- close -->
        <test-method status="SKIP" signature="selectFromMenu()[pri:13, instance:com.flipcart.tdd.testcases.LoginPageTest@71be98f5]" name="selectFromMenu" duration-ms="1" started-at="2024-01-13T13:40:15Z" finished-at="2024-01-13T13:40:15Z">
          <reporter-output>
          </reporter-output>
        </test-method> <!-- selectFromMenu -->
        <test-method status="SKIP" signature="setUp()[pri:0, instance:com.flipcart.tdd.testcases.LoginPageTest@71be98f5]" name="setUp" is-config="true" duration-ms="0" started-at="2024-01-13T13:40:15Z" finished-at="2024-01-13T13:40:15Z">
          <reporter-output>
          </reporter-output>
        </test-method> <!-- setUp -->
        <test-method status="SKIP" signature="close()[pri:0, instance:com.flipcart.tdd.testcases.LoginPageTest@71be98f5]" name="close" is-config="true" duration-ms="0" started-at="2024-01-13T13:40:15Z" finished-at="2024-01-13T13:40:15Z">
          <reporter-output>
          </reporter-output>
        </test-method> <!-- close -->
        <test-method status="SKIP" signature="tearDown()[pri:0, instance:com.flipcart.tdd.testcases.LoginPageTest@71be98f5]" name="tearDown" is-config="true" duration-ms="0" started-at="2024-01-13T13:40:15Z" finished-at="2024-01-13T13:40:15Z">
          <reporter-output>
          </reporter-output>
        </test-method> <!-- tearDown -->
        <test-method status="SKIP" signature="orderProducts()[pri:14, instance:com.flipcart.tdd.testcases.LoginPageTest@71be98f5]" name="orderProducts" duration-ms="0" started-at="2024-01-13T13:40:15Z" finished-at="2024-01-13T13:40:15Z">
          <reporter-output>
          </reporter-output>
        </test-method> <!-- orderProducts -->
        <test-method status="SKIP" signature="close()[pri:0, instance:com.flipcart.tdd.testcases.LoginPageTest@71be98f5]" name="close" is-config="true" duration-ms="0" started-at="2024-01-13T13:40:15Z" finished-at="2024-01-13T13:40:15Z">
          <reporter-output>
          </reporter-output>
        </test-method> <!-- close -->
        <test-method status="SKIP" signature="setUp()[pri:0, instance:com.flipcart.tdd.testcases.LoginPageTest@71be98f5]" name="setUp" is-config="true" duration-ms="0" started-at="2024-01-13T13:40:15Z" finished-at="2024-01-13T13:40:15Z">
          <reporter-output>
          </reporter-output>
        </test-method> <!-- setUp -->
        <test-method status="SKIP" signature="tearDown()[pri:0, instance:com.flipcart.tdd.testcases.LoginPageTest@71be98f5]" name="tearDown" is-config="true" duration-ms="0" started-at="2024-01-13T13:40:15Z" finished-at="2024-01-13T13:40:15Z">
          <reporter-output>
          </reporter-output>
        </test-method> <!-- tearDown -->
      </class> <!-- com.flipcart.tdd.testcases.LoginPageTest -->
    </test> <!-- Default test -->
  </suite> <!-- Default suite -->
</testng-results>
